Oct-03 20:26:04.676 [main] DEBUG nextflow.cli.Launcher - $> nextflow run madeline-scyphers/nf-test
Oct-03 20:26:04.788 [main] DEBUG nextflow.cli.CmdRun - N E X T F L O W  ~  version 24.04.4
Oct-03 20:26:04.835 [main] DEBUG nextflow.plugin.PluginsFacade - Setting up plugin manager > mode=prod; embedded=false; plugins-dir=/home/madeline/.nextflow/plugins; core-plugins: nf-amazon@2.5.3,nf-azure@1.6.1,nf-cloudcache@0.4.1,nf-codecommit@0.2.1,nf-console@1.1.3,nf-ga4gh@1.3.0,nf-google@1.13.2-patch1,nf-tower@1.9.1,nf-wave@1.4.2-patch1
Oct-03 20:26:04.852 [main] INFO  o.pf4j.DefaultPluginStatusProvider - Enabled plugins: []
Oct-03 20:26:04.854 [main] INFO  o.pf4j.DefaultPluginStatusProvider - Disabled plugins: []
Oct-03 20:26:04.859 [main] INFO  org.pf4j.DefaultPluginManager - PF4J version 3.12.0 in 'deployment' mode
Oct-03 20:26:04.879 [main] INFO  org.pf4j.AbstractPluginManager - No plugins
Oct-03 20:26:04.900 [main] DEBUG nextflow.scm.ProviderConfig - Using SCM config path: /home/madeline/.nextflow/scm
Oct-03 20:26:05.470 [main] DEBUG nextflow.scm.ProviderConfig - Detected SCM config: [providers:[github:[user:madelinescyphers@gmail.com, password:ghp****]]]
Oct-03 20:26:05.516 [main] DEBUG nextflow.scm.RepositoryFactory - Found Git repository result: [RepositoryFactory]
Oct-03 20:26:05.550 [main] INFO  nextflow.cli.CmdRun - Pulling madeline-scyphers/nf-test ...
Oct-03 20:26:05.557 [main] DEBUG nextflow.scm.RepositoryProvider - Request [credentials mad****:ghp****] -> https://api.github.com/repos/madeline-scyphers/nf-test/contents/nextflow.config
Oct-03 20:26:06.581 [main] DEBUG nextflow.scm.RepositoryProvider - Request [credentials mad****:ghp****] -> https://api.github.com/repos/madeline-scyphers/nf-test/contents/main.nf
Oct-03 20:26:06.749 [main] DEBUG nextflow.scm.RepositoryProvider - Request [credentials mad****:ghp****] -> https://api.github.com/repos/madeline-scyphers/nf-test
Oct-03 20:26:06.909 [main] DEBUG nextflow.scm.AssetManager - Pulling madeline-scyphers/nf-test -- Using remote clone url: https://github.com/madeline-scyphers/nf-test.git
Oct-03 20:26:08.335 [main] INFO  nextflow.cli.CmdRun -  downloaded from https://github.com/madeline-scyphers/nf-test.git
Oct-03 20:26:08.384 [main] DEBUG nextflow.config.ConfigBuilder - Found config base: /home/madeline/.nextflow/assets/madeline-scyphers/nf-test/nextflow.config
Oct-03 20:26:08.385 [main] DEBUG nextflow.config.ConfigBuilder - Found config local: /home/madeline/projs/nextflow/nf-test/nextflow.config
Oct-03 20:26:08.388 [main] DEBUG nextflow.config.ConfigBuilder - Parsing config file: /home/madeline/.nextflow/assets/madeline-scyphers/nf-test/nextflow.config
Oct-03 20:26:08.389 [main] DEBUG nextflow.config.ConfigBuilder - Parsing config file: /home/madeline/projs/nextflow/nf-test/nextflow.config
Oct-03 20:26:08.405 [main] DEBUG n.secret.LocalSecretsProvider - Secrets store: /home/madeline/.nextflow/secrets/store.json
Oct-03 20:26:08.410 [main] DEBUG nextflow.secret.SecretsLoader - Discovered secrets providers: [nextflow.secret.LocalSecretsProvider@691124ee] - activable => nextflow.secret.LocalSecretsProvider@691124ee
Oct-03 20:26:08.418 [main] DEBUG nextflow.config.ConfigBuilder - Applying config profile: `standard`
Oct-03 20:26:08.452 [main] DEBUG nextflow.config.ConfigBuilder - Applying config profile: `standard`
Oct-03 20:26:08.491 [main] DEBUG nextflow.cli.CmdRun - Applied DSL=1 by probing script field
Oct-03 20:26:08.498 [main] DEBUG nextflow.cli.Launcher - Operation aborted
nextflow.exception.AbortOperationException: Nextflow DSL1 is no longer supported — Update your script to DSL2, or use Nextflow 22.10.x or earlier
	at nextflow.NextflowMeta.enableDsl(NextflowMeta.groovy:151)
	at nextflow.cli.CmdRun.launchInfo(CmdRun.groovy:427)
	at nextflow.cli.CmdRun.run(CmdRun.groovy:331)
	at nextflow.cli.Launcher.run(Launcher.groovy:503)
	at nextflow.cli.Launcher.main(Launcher.groovy:657)
